Copyright 1986-2022 Xilinx, Inc. All Rights Reserved. Copyright 2022-2025 Advanced Micro Devices, Inc. All Rights Reserved.
---------------------------------------------------------------------------------------------------------------------------------------------
| Tool Version : Vivado v.2025.2 (lin64) Build 6299465 Fri Nov 14 12:34:56 MST 2025
| Date         : Wed Apr 22 15:45:16 2026
| Host         : Saint-ThinkPad-X280 running 64-bit Linux Mint 22.1
| Command      : report_control_sets -verbose -file top_control_sets_placed.rpt
| Design       : top
| Device       : xc7a35t
---------------------------------------------------------------------------------------------------------------------------------------------

Control Set Information

Table of Contents
-----------------
1. Summary
2. Histogram
3. Flip-Flop Distribution
4. Detailed Control Set Information

1. Summary
----------

+----------------------------------------------------------+-------+
|                          Status                          | Count |
+----------------------------------------------------------+-------+
| Total control sets                                       |    17 |
|    Minimum number of control sets                        |    17 |
|    Addition due to synthesis replication                 |     0 |
|    Addition due to physical synthesis replication        |     0 |
| Unused register locations in slices containing registers |    71 |
+----------------------------------------------------------+-------+
* Control sets can be merged at opt_design using control_set_merge or merge_equivalent_drivers
** Run report_qor_suggestions for automated merging and remapping suggestions


2. Histogram
------------

+--------------------+-------+
|       Fanout       | Count |
+--------------------+-------+
| Total control sets |    17 |
| >= 0 to < 4        |     2 |
| >= 4 to < 6        |     4 |
| >= 6 to < 8        |     0 |
| >= 8 to < 10       |     2 |
| >= 10 to < 12      |     4 |
| >= 12 to < 14      |     2 |
| >= 14 to < 16      |     0 |
| >= 16              |     3 |
+--------------------+-------+
* Control sets can be remapped at either synth_design or opt_design


3. Flip-Flop Distribution
-------------------------

+--------------+-----------------------+------------------------+-----------------+--------------+
| Clock Enable | Synchronous Set/Reset | Asynchronous Set/Reset | Total Registers | Total Slices |
+--------------+-----------------------+------------------------+-----------------+--------------+
| No           | No                    | No                     |               8 |            5 |
| No           | No                    | Yes                    |               0 |            0 |
| No           | Yes                   | No                     |              61 |           26 |
| Yes          | No                    | No                     |              17 |           17 |
| Yes          | No                    | Yes                    |               0 |            0 |
| Yes          | Yes                   | No                     |             107 |           33 |
+--------------+-----------------------+------------------------+-----------------+--------------+


4. Detailed Control Set Information
-----------------------------------

+------------------------+---------------------------------+---------------------------+------------------+----------------+--------------+
|      Clock Signal      |          Enable Signal          |      Set/Reset Signal     | Slice Load Count | Bel Load Count | Bels / Slice |
+------------------------+---------------------------------+---------------------------+------------------+----------------+--------------+
|  ov7670_pclk_IBUF_BUFG |                                 | ov7670_vsync_IBUF         |                1 |              1 |         1.00 |
|  clk_IBUF_BUFG         | sccb_ctrl/sccb_c_i_1_n_0        | sccb_ctrl/sccb_d_oe       |                1 |              1 |         1.00 |
|  clk_IBUF_BUFG         | sccb_ctrl/state0                | btnC_IBUF                 |                2 |              4 |         2.00 |
|  ov7670_xclk_OBUF_BUFG |                                 |                           |                4 |              4 |         1.00 |
|  ov7670_pclk_IBUF_BUFG |                                 |                           |                1 |              4 |         4.00 |
|  ov7670_pclk_IBUF_BUFG | capture_inst/d_latch[7]_i_1_n_0 |                           |                5 |              5 |         1.00 |
|  clk_IBUF_BUFG         | sccb_ctrl/shift_reg[7]_i_1_n_0  | btnC_IBUF                 |                4 |              8 |         2.00 |
|  clk_IBUF_BUFG         | camera_regs/reg_index[0]        | btnC_IBUF                 |                3 |              8 |         2.67 |
|  clk_IBUF_BUFG         |                                 | btnC_IBUF                 |                4 |             10 |         2.50 |
|  ov7670_xclk_OBUF_BUFG |                                 | btnC_IBUF                 |                4 |             10 |         2.50 |
|  ov7670_xclk_OBUF_BUFG |                                 | vga_inst/h_cnt[9]_i_1_n_0 |                2 |             10 |         5.00 |
|  ov7670_xclk_OBUF_BUFG | vga_inst/v_cnt[0]               | btnC_IBUF                 |                4 |             10 |         2.50 |
|  ov7670_pclk_IBUF_BUFG | capture_inst/dout[11]_i_1_n_0   |                           |               12 |             12 |         1.00 |
|  ov7670_xclk_OBUF_BUFG |                                 | vga_inst/active_d         |               10 |             12 |         1.20 |
|  clk_IBUF_BUFG         |                                 | sccb_ctrl/sccb_d_oe       |                5 |             18 |         3.60 |
|  clk_IBUF_BUFG         | camera_regs/delay_cnt[0]        | btnC_IBUF                 |                7 |             24 |         3.43 |
|  ov7670_pclk_IBUF_BUFG | capture_inst/we                 | ov7670_vsync_IBUF         |               12 |             52 |         4.33 |
+------------------------+---------------------------------+---------------------------+------------------+----------------+--------------+


